2022-06-09 22:54:18 [scrapy.utils.log] INFO: Scrapy 2.6.1 started (bot: google_play_games)
2022-06-09 22:54:18 [scrapy.utils.log] INFO: Versions: lxml 4.9.0.0, libxml2 2.9.4, cssselect 1.1.0, parsel 1.6.0, w3lib 1.22.0, Twisted 22.4.0, Python 3.9.13 (v3.9.13:6de2ca5339, May 17 2022, 11:37:23) - [Clang 13.0.0 (clang-1300.0.29.30)], pyOpenSSL 22.0.0 (OpenSSL 3.0.3 3 May 2022), cryptography 37.0.2, Platform macOS-12.2-arm64-arm-64bit
2022-06-09 22:54:18 [scrapy.crawler] INFO: Overridden settings:
{'BOT_NAME': 'google_play_games',
 'LOG_FILE': 'google_play.log',
 'LOG_LEVEL': 'INFO',
 'NEWSPIDER_MODULE': 'google_play_games.spiders',
 'SPIDER_MODULES': ['google_play_games.spiders']}
2022-06-09 22:54:18 [scrapy.extensions.telnet] INFO: Telnet Password: 5dfbf4c2590ce1b3
2022-06-09 22:54:18 [scrapy.middleware] INFO: Enabled extensions:
['scrapy.extensions.corestats.CoreStats',
 'scrapy.extensions.telnet.TelnetConsole',
 'scrapy.extensions.memusage.MemoryUsage',
 'scrapy.extensions.logstats.LogStats']
2022-06-09 22:54:20 [scrapy.middleware] INFO: Enabled downloader middlewares:
['scrapy.downloadermiddlewares.httpauth.HttpAuthMiddleware',
 'scrapy.downloadermiddlewares.downloadtimeout.DownloadTimeoutMiddleware',
 'scrapy.downloadermiddlewares.defaultheaders.DefaultHeadersMiddleware',
 'scrapy.downloadermiddlewares.useragent.UserAgentMiddleware',
 'google_play_games.middlewares.selMiddleware',
 'scrapy.downloadermiddlewares.retry.RetryMiddleware',
 'scrapy.downloadermiddlewares.redirect.MetaRefreshMiddleware',
 'scrapy.downloadermiddlewares.httpcompression.HttpCompressionMiddleware',
 'scrapy.downloadermiddlewares.redirect.RedirectMiddleware',
 'scrapy.downloadermiddlewares.cookies.CookiesMiddleware',
 'scrapy.downloadermiddlewares.httpproxy.HttpProxyMiddleware',
 'scrapy.downloadermiddlewares.stats.DownloaderStats']
2022-06-09 22:54:20 [scrapy.middleware] INFO: Enabled spider middlewares:
['scrapy.spidermiddlewares.httperror.HttpErrorMiddleware',
 'scrapy.spidermiddlewares.offsite.OffsiteMiddleware',
 'scrapy.spidermiddlewares.referer.RefererMiddleware',
 'scrapy.spidermiddlewares.urllength.UrlLengthMiddleware',
 'scrapy.spidermiddlewares.depth.DepthMiddleware']
2022-06-09 22:54:20 [scrapy.middleware] INFO: Enabled item pipelines:
['google_play_games.pipelines.GooglePlayGamesPipeline']
2022-06-09 22:54:20 [scrapy.core.engine] INFO: Spider opened
2022-06-09 22:54:20 [scrapy.extensions.logstats] INFO: Crawled 0 pages (at 0 pages/min), scraped 0 items (at 0 items/min)
2022-06-09 22:54:20 [scrapy.extensions.telnet] INFO: Telnet console listening on 127.0.0.1:6023
2022-06-09 22:55:53 [scrapy.crawler] INFO: Received SIGINT, shutting down gracefully. Send again to force 
2022-06-09 22:55:54 [scrapy.crawler] INFO: Received SIGINT twice, forcing unclean shutdown
2022-06-09 22:55:54 [urllib3.connectionpool] WARNING: Retrying (Retry(total=2, connect=None, read=None, redirect=None, status=None)) after connection broken by 'NewConnectionError('<urllib3.connection.HTTPConnection object at 0x105d51670>: Failed to establish a new connection: [Errno 61] Connection refused')': /session/32de0a5afe2322ea942cfdbb93532032/execute/sync
2022-06-09 22:55:54 [urllib3.connectionpool] WARNING: Retrying (Retry(total=1, connect=None, read=None, redirect=None, status=None)) after connection broken by 'NewConnectionError('<urllib3.connection.HTTPConnection object at 0x106765df0>: Failed to establish a new connection: [Errno 61] Connection refused')': /session/32de0a5afe2322ea942cfdbb93532032/execute/sync
2022-06-09 22:55:54 [urllib3.connectionpool] WARNING: Retrying (Retry(total=0, connect=None, read=None, redirect=None, status=None)) after connection broken by 'NewConnectionError('<urllib3.connection.HTTPConnection object at 0x10672ea60>: Failed to establish a new connection: [Errno 61] Connection refused')': /session/32de0a5afe2322ea942cfdbb93532032/execute/sync
2022-06-09 22:55:54 [urllib3.connectionpool] WARNING: Retrying (Retry(total=2, connect=None, read=None, redirect=None, status=None)) after connection broken by 'NewConnectionError('<urllib3.connection.HTTPConnection object at 0x106785c40>: Failed to establish a new connection: [Errno 61] Connection refused')': /session/32de0a5afe2322ea942cfdbb93532032/url
2022-06-09 22:55:54 [urllib3.connectionpool] WARNING: Retrying (Retry(total=1, connect=None, read=None, redirect=None, status=None)) after connection broken by 'NewConnectionError('<urllib3.connection.HTTPConnection object at 0x1067ac100>: Failed to establish a new connection: [Errno 61] Connection refused')': /session/32de0a5afe2322ea942cfdbb93532032/url
2022-06-09 22:55:54 [urllib3.connectionpool] WARNING: Retrying (Retry(total=0, connect=None, read=None, redirect=None, status=None)) after connection broken by 'NewConnectionError('<urllib3.connection.HTTPConnection object at 0x106748a00>: Failed to establish a new connection: [Errno 61] Connection refused')': /session/32de0a5afe2322ea942cfdbb93532032/url
2022-06-09 22:55:54 [scrapy.core.engine] INFO: Closing spider (shutdown)
2022-06-09 22:55:54 [scrapy.extensions.logstats] INFO: Crawled 3 pages (at 3 pages/min), scraped 0 items (at 0 items/min)
2022-06-09 22:57:07 [scrapy.utils.log] INFO: Scrapy 2.6.1 started (bot: google_play_games)
2022-06-09 22:57:07 [scrapy.utils.log] INFO: Versions: lxml 4.9.0.0, libxml2 2.9.4, cssselect 1.1.0, parsel 1.6.0, w3lib 1.22.0, Twisted 22.4.0, Python 3.9.13 (v3.9.13:6de2ca5339, May 17 2022, 11:37:23) - [Clang 13.0.0 (clang-1300.0.29.30)], pyOpenSSL 22.0.0 (OpenSSL 3.0.3 3 May 2022), cryptography 37.0.2, Platform macOS-12.2-arm64-arm-64bit
2022-06-09 22:57:07 [scrapy.crawler] INFO: Overridden settings:
{'BOT_NAME': 'google_play_games',
 'LOG_FILE': 'google_play.log',
 'LOG_LEVEL': 'INFO',
 'NEWSPIDER_MODULE': 'google_play_games.spiders',
 'SPIDER_MODULES': ['google_play_games.spiders']}
2022-06-09 22:57:07 [scrapy.extensions.telnet] INFO: Telnet Password: 8bc8817aed3cec35
2022-06-09 22:57:07 [scrapy.middleware] INFO: Enabled extensions:
['scrapy.extensions.corestats.CoreStats',
 'scrapy.extensions.telnet.TelnetConsole',
 'scrapy.extensions.memusage.MemoryUsage',
 'scrapy.extensions.logstats.LogStats']
2022-06-09 22:57:09 [scrapy.middleware] INFO: Enabled downloader middlewares:
['scrapy.downloadermiddlewares.httpauth.HttpAuthMiddleware',
 'scrapy.downloadermiddlewares.downloadtimeout.DownloadTimeoutMiddleware',
 'scrapy.downloadermiddlewares.defaultheaders.DefaultHeadersMiddleware',
 'scrapy.downloadermiddlewares.useragent.UserAgentMiddleware',
 'google_play_games.middlewares.selMiddleware',
 'scrapy.downloadermiddlewares.retry.RetryMiddleware',
 'scrapy.downloadermiddlewares.redirect.MetaRefreshMiddleware',
 'scrapy.downloadermiddlewares.httpcompression.HttpCompressionMiddleware',
 'scrapy.downloadermiddlewares.redirect.RedirectMiddleware',
 'scrapy.downloadermiddlewares.cookies.CookiesMiddleware',
 'scrapy.downloadermiddlewares.httpproxy.HttpProxyMiddleware',
 'scrapy.downloadermiddlewares.stats.DownloaderStats']
2022-06-09 22:57:09 [scrapy.middleware] INFO: Enabled spider middlewares:
['scrapy.spidermiddlewares.httperror.HttpErrorMiddleware',
 'scrapy.spidermiddlewares.offsite.OffsiteMiddleware',
 'scrapy.spidermiddlewares.referer.RefererMiddleware',
 'scrapy.spidermiddlewares.urllength.UrlLengthMiddleware',
 'scrapy.spidermiddlewares.depth.DepthMiddleware']
2022-06-09 22:57:09 [scrapy.middleware] INFO: Enabled item pipelines:
['google_play_games.pipelines.GooglePlayGamesPipeline']
2022-06-09 22:57:09 [scrapy.core.engine] INFO: Spider opened
2022-06-09 22:57:09 [scrapy.extensions.logstats] INFO: Crawled 0 pages (at 0 pages/min), scraped 0 items (at 0 items/min)
2022-06-09 22:57:09 [scrapy.extensions.telnet] INFO: Telnet console listening on 127.0.0.1:6023
2022-06-09 22:57:30 [scrapy.crawler] INFO: Received SIGINT, shutting down gracefully. Send again to force 
2022-06-09 22:57:31 [scrapy.crawler] INFO: Received SIGINT twice, forcing unclean shutdown
2022-06-09 22:57:31 [urllib3.connectionpool] WARNING: Retrying (Retry(total=2, connect=None, read=None, redirect=None, status=None)) after connection broken by 'NewConnectionError('<urllib3.connection.HTTPConnection object at 0x1076665e0>: Failed to establish a new connection: [Errno 61] Connection refused')': /session/a04b976b5c527ecd8a9a599b0f2ea910/source
2022-06-09 22:57:31 [urllib3.connectionpool] WARNING: Retrying (Retry(total=1, connect=None, read=None, redirect=None, status=None)) after connection broken by 'NewConnectionError('<urllib3.connection.HTTPConnection object at 0x11015c4f0>: Failed to establish a new connection: [Errno 61] Connection refused')': /session/a04b976b5c527ecd8a9a599b0f2ea910/source
2022-06-09 22:57:31 [urllib3.connectionpool] WARNING: Retrying (Retry(total=0, connect=None, read=None, redirect=None, status=None)) after connection broken by 'NewConnectionError('<urllib3.connection.HTTPConnection object at 0x1077d4e50>: Failed to establish a new connection: [Errno 61] Connection refused')': /session/a04b976b5c527ecd8a9a599b0f2ea910/source
2022-06-09 22:57:31 [scrapy.core.engine] INFO: Closing spider (shutdown)
2022-06-10 10:51:26 [scrapy.utils.log] INFO: Scrapy 2.6.1 started (bot: google_play_games)
2022-06-10 10:51:26 [scrapy.utils.log] INFO: Versions: lxml 4.9.0.0, libxml2 2.9.4, cssselect 1.1.0, parsel 1.6.0, w3lib 1.22.0, Twisted 22.4.0, Python 3.9.13 (v3.9.13:6de2ca5339, May 17 2022, 11:37:23) - [Clang 13.0.0 (clang-1300.0.29.30)], pyOpenSSL 22.0.0 (OpenSSL 3.0.3 3 May 2022), cryptography 37.0.2, Platform macOS-12.2-arm64-arm-64bit
2022-06-10 10:51:26 [scrapy.crawler] INFO: Overridden settings:
{'BOT_NAME': 'google_play_games',
 'LOG_FILE': 'google_play.log',
 'LOG_LEVEL': 'INFO',
 'NEWSPIDER_MODULE': 'google_play_games.spiders',
 'SPIDER_MODULES': ['google_play_games.spiders']}
2022-06-10 10:51:26 [scrapy.extensions.telnet] INFO: Telnet Password: 9f35a04aa15ada24
2022-06-10 10:51:26 [scrapy.middleware] INFO: Enabled extensions:
['scrapy.extensions.corestats.CoreStats',
 'scrapy.extensions.telnet.TelnetConsole',
 'scrapy.extensions.memusage.MemoryUsage',
 'scrapy.extensions.logstats.LogStats']
2022-06-10 10:51:28 [scrapy.middleware] INFO: Enabled downloader middlewares:
['scrapy.downloadermiddlewares.httpauth.HttpAuthMiddleware',
 'scrapy.downloadermiddlewares.downloadtimeout.DownloadTimeoutMiddleware',
 'scrapy.downloadermiddlewares.defaultheaders.DefaultHeadersMiddleware',
 'scrapy.downloadermiddlewares.useragent.UserAgentMiddleware',
 'google_play_games.middlewares.selMiddleware',
 'scrapy.downloadermiddlewares.retry.RetryMiddleware',
 'scrapy.downloadermiddlewares.redirect.MetaRefreshMiddleware',
 'scrapy.downloadermiddlewares.httpcompression.HttpCompressionMiddleware',
 'scrapy.downloadermiddlewares.redirect.RedirectMiddleware',
 'scrapy.downloadermiddlewares.cookies.CookiesMiddleware',
 'scrapy.downloadermiddlewares.httpproxy.HttpProxyMiddleware',
 'scrapy.downloadermiddlewares.stats.DownloaderStats']
2022-06-10 10:51:28 [scrapy.middleware] INFO: Enabled spider middlewares:
['scrapy.spidermiddlewares.httperror.HttpErrorMiddleware',
 'scrapy.spidermiddlewares.offsite.OffsiteMiddleware',
 'scrapy.spidermiddlewares.referer.RefererMiddleware',
 'scrapy.spidermiddlewares.urllength.UrlLengthMiddleware',
 'scrapy.spidermiddlewares.depth.DepthMiddleware']
2022-06-10 10:51:28 [scrapy.middleware] INFO: Enabled item pipelines:
['google_play_games.pipelines.GooglePlayGamesPipeline']
2022-06-10 10:51:28 [scrapy.core.engine] INFO: Spider opened
2022-06-10 10:51:28 [scrapy.extensions.logstats] INFO: Crawled 0 pages (at 0 pages/min), scraped 0 items (at 0 items/min)
2022-06-10 10:51:28 [scrapy.extensions.telnet] INFO: Telnet console listening on 127.0.0.1:6023
2022-06-10 10:52:12 [scrapy.crawler] INFO: Received SIGINT, shutting down gracefully. Send again to force 
2022-06-10 10:52:12 [scrapy.crawler] INFO: Received SIGINT twice, forcing unclean shutdown
